#
# There is insufficient memory for the Java Runtime Environment to continue.
# Native memory allocation (malloc) failed to allocate 1048576 bytes for AllocateHeap
# Possible reasons:
#   The system is out of physical RAM or swap space
#   In 32 bit mode, the process size limit was hit
# Possible solutions:
#   Reduce memory load on the system
#   Increase physical memory or swap space
#   Check if swap backing store is full
#   Use 64 bit Java on a 64 bit OS
#   Decrease Java heap size (-Xmx/-Xms)
#   Decrease number of Java threads
#   Decrease Java thread stack sizes (-Xss)
#   Set larger code cache with -XX:ReservedCodeCacheSize=
# This output file may be truncated or incomplete.
#
#  Out of Memory Error (memory/allocation.inline.hpp:61), pid=9008, tid=0x0000000000002a4c
#
# JRE version:  (8.0_101-b13) (build )
# Java VM: Java HotSpot(TM) 64-Bit Server VM (25.101-b13 mixed mode windows-amd64 compressed oops)
# Failed to write core dump. Minidumps are not enabled by default on client versions of Windows
#

---------------  T H R E A D  ---------------

Current thread (0x0000000002cde800):  JavaThread "Unknown thread" [_thread_in_vm, id=10828, stack(0x0000000002960000,0x0000000002a60000)]

Stack: [0x0000000002960000,0x0000000002a60000]
[error occurred during error reporting (printing stack bounds), id 0xc0000005]

Native frames: (J=compiled Java code, j=interpreted, Vv=VM code, C=native code)


---------------  P R O C E S S  ---------------

Java Threads: ( => current thread )

Other Threads:

=>0x0000000002cde800 (exited) JavaThread "Unknown thread" [_thread_in_vm, id=10828, stack(0x0000000002960000,0x0000000002a60000)]

VM state:not at safepoint (normal execution)

VM Mutex/Monitor currently owned by a thread: None

Heap:
 PSYoungGen      total 38400K, used 665K [0x00000000d5f00000, 0x00000000d8980000, 0x0000000100000000)
  eden space 33280K, 2% used [0x00000000d5f00000,0x00000000d5fa6670,0x00000000d7f80000)
  from space 5120K, 0% used [0x00000000d8480000,0x00000000d8480000,0x00000000d8980000)
  to   space 5120K, 0% used [0x00000000d7f80000,0x00000000d7f80000,0x00000000d8480000)
 ParOldGen       total 87552K, used 0K [0x0000000081c00000, 0x0000000087180000, 0x00000000d5f00000)
  object space 87552K, 0% used [0x0000000081c00000,0x0000000081c00000,0x0000000087180000)
 Metaspace       used 746K, capacity 4480K, committed 4480K, reserved 1056768K
  class space    used 75K, capacity 384K, committed 384K, reserved 1048576K

Card table byte_map: [0x00000000120a0000,0x00000000124a0000] byte_map_base: 0x0000000011c92000

Marking Bits: (ParMarkBitMap*) 0x0000000062baa6d0
 Begin Bits: [0x0000000012b50000, 0x0000000014ae0000)
 End Bits:   [0x0000000014ae0000, 0x0000000016a70000)

Polling page: 0x0000000000c10000

CodeCache: size=245760Kb used=328Kb max_used=328Kb free=245431Kb
 bounds [0x0000000002ce0000, 0x0000000002f50000, 0x0000000011ce0000]
 total_blobs=58 nmethods=0 adapters=38
 compilation: enabled

Compilation events (0 events):
No events

GC Heap History (0 events):
No events

Deoptimization events (0 events):
No events

Internal exceptions (0 events):
No events

Events (10 events):
Event: 0.022 loading class java/lang/Short
Event: 0.022 loading class java/lang/Short done
Event: 0.022 loading class java/lang/Integer
Event: 0.022 loading class java/lang/Integer done
Event: 0.022 loading class java/lang/Long
Event: 0.022 loading class java/lang/Long done
Event: 0.022 loading class java/lang/NullPointerException
Event: 0.022 loading class java/lang/NullPointerException done
Event: 0.022 loading class java/lang/ArithmeticException
Event: 0.022 loading class java/lang/ArithmeticException done


Dynamic libraries:
0x00007ff60f480000 - 0x00007ff60f4b7000 	C:\Program Files\Java\jre1.8.0_101\bin\java.exe
0x00007ff9f6ae0000 - 0x00007ff9f6cc1000 	C:\WINDOWS\SYSTEM32\ntdll.dll
0x00007ff9f4110000 - 0x00007ff9f41c2000 	C:\WINDOWS\System32\KERNEL32.DLL
0x00007ff9f3cf0000 - 0x00007ff9f3f63000 	C:\WINDOWS\System32\KERNELBASE.dll
0x00007ff9f4680000 - 0x00007ff9f4721000 	C:\WINDOWS\System32\ADVAPI32.dll
0x00007ff9f4480000 - 0x00007ff9f451e000 	C:\WINDOWS\System32\msvcrt.dll
0x00007ff9f3f70000 - 0x00007ff9f3fcb000 	C:\WINDOWS\System32\sechost.dll
0x00007ff9f4320000 - 0x00007ff9f4444000 	C:\WINDOWS\System32\RPCRT4.dll
0x00007ff9f4980000 - 0x00007ff9f4b10000 	C:\WINDOWS\System32\USER32.dll
0x00007ff9f2eb0000 - 0x00007ff9f2ed0000 	C:\WINDOWS\System32\win32u.dll
0x00007ff9f4450000 - 0x00007ff9f4478000 	C:\WINDOWS\System32\GDI32.dll
0x00007ff9f2f30000 - 0x00007ff9f30c2000 	C:\WINDOWS\System32\gdi32full.dll
0x00007ff9f31a0000 - 0x00007ff9f323f000 	C:\WINDOWS\System32\msvcp_win.dll
0x00007ff9f3950000 - 0x00007ff9f3a4a000 	C:\WINDOWS\System32\ucrtbase.dll
0x00007ff9ec410000 - 0x00007ff9ec679000 	C:\WINDOWS\WinSxS\amd64_microsoft.windows.common-controls_6595b64144ccf1df_6.0.17134.165_none_fb429645306569ac\COMCTL32.dll
0x00007ff9f6720000 - 0x00007ff9f6a43000 	C:\WINDOWS\System32\combase.dll
0x00007ff9f30d0000 - 0x00007ff9f314a000 	C:\WINDOWS\System32\bcryptPrimitives.dll
0x00007ff9f4030000 - 0x00007ff9f405d000 	C:\WINDOWS\System32\IMM32.DLL
0x00000000622b0000 - 0x0000000062382000 	C:\Program Files\Java\jre1.8.0_101\bin\msvcr100.dll
0x0000000062390000 - 0x0000000062c2a000 	C:\Program Files\Java\jre1.8.0_101\bin\server\jvm.dll
0x00007ff9f4300000 - 0x00007ff9f4308000 	C:\WINDOWS\System32\PSAPI.DLL
0x00007ff9ef470000 - 0x00007ff9ef479000 	C:\WINDOWS\SYSTEM32\WSOCK32.dll
0x00007ff9eca10000 - 0x00007ff9eca33000 	C:\WINDOWS\SYSTEM32\WINMM.dll
0x00007ff9f4520000 - 0x00007ff9f458c000 	C:\WINDOWS\System32\WS2_32.dll
0x00007ff9f18f0000 - 0x00007ff9f18fa000 	C:\WINDOWS\SYSTEM32\VERSION.dll
0x00007ff9ec9e0000 - 0x00007ff9eca0a000 	C:\WINDOWS\SYSTEM32\WINMMBASE.dll
0x00007ff9f3150000 - 0x00007ff9f3199000 	C:\WINDOWS\System32\cfgmgr32.dll
0x00000000622a0000 - 0x00000000622af000 	C:\Program Files\Java\jre1.8.0_101\bin\verify.dll
0x0000000062270000 - 0x0000000062299000 	C:\Program Files\Java\jre1.8.0_101\bin\java.dll
0x0000000062250000 - 0x0000000062266000 	C:\Program Files\Java\jre1.8.0_101\bin\zip.dll

VM Arguments:
java_command: <unknown>
java_class_path (initial): .
Launcher Type: SUN_STANDARD

Environment Variables:
JAVA_HOME=C:\Program Files\Java\jdk1.8.0_101
PATH=C:/Program Files/Java/jre1.8.0_101/bin/server;C:/Program Files/Java/jre1.8.0_101/bin;C:/Program Files/Java/jre1.8.0_101/lib/amd64;C:\ProgramData\Oracle\Java\javapath;C:\WINDOWS\system32;C:\WINDOWS;C:\WINDOWS\System32\Wbem;C:\WINDOWS\System32\WindowsPowerShell\v1.0\;C:\Program Files\Java\jdk1.8.0_101\bin;C:\Softwares\platform-tools;C:\Program Files\nodejs\node.exe;C:\Softwares\tools;C:\Program Files\nodejs;C:\Program Files\nodejs\node_modules\npm;C:\Users\iFocus.IFOCUSODC-PC14\AppData\Roaming\npm\node_modules\appium\lib\appium.js;C:\Users\iFocus.IFOCUSODC-PC14\AppData\Roaming\npm\node_modules\appium\lib\main.js;;C:\WINDOWS\System32\OpenSSH\;C:\Users\iFocus.IFOCUSODC-PC14\AppData\Local\Microsoft\WindowsApps;C:\Users\iFocus\AppData\Roaming\npm;C:\Softwares\platform-tools;C:\Softwares\tools;;C:\eclipse-jee-neon-3-win32-x86_64\eclipse;
USERNAME=iFocus
OS=Windows_NT
PROCESSOR_IDENTIFIER=Intel64 Family 6 Model 58 Stepping 9, GenuineIntel



---------------  S Y S T E M  ---------------

OS: Windows 10.0 , 64 bit Build 17134 (10.0.17134.1)

CPU:total 4 (4 cores per cpu, 1 threads per core) family 6 model 58 stepping 9, cmov, cx8, fxsr, mmx, sse, sse2, sse3, ssse3, sse4.1, sse4.2, popcnt, avx, aes, clmul, erms, tsc, tscinvbit, tscinv

Memory: 4k page, physical 8273440k(787084k free), swap 14564896k(5312k free)

vm_info: Java HotSpot(TM) 64-Bit Server VM (25.101-b13) for windows-amd64 JRE (1.8.0_101-b13), built on Jun 22 2016 01:21:29 by "java_re" with MS VC++ 10.0 (VS2010)

time: Sun Aug 05 08:01:27 2018
elapsed time: 0 seconds (0d 0h 0m 0s)

